Arguments: 
  U:\Program Files\nodejs\node.exe C:\Users\cscib\AppData\Roaming\npm\node_modules\yarn\bin\yarn.js start

PATH: 
  C:\Python27\;C:\Python27\Scripts;C:\Windows\system32;C:\Windows;C:\Windows\System32\Wbem;C:\Windows\System32\WindowsPowerShell\v1.0\;C:\Program Files (x86)\NVIDIA Corporation\PhysX\Common;C:\Program Files\NVIDIA Corporation\NVIDIA NvDLISR;C:\Program Files\Microsoft VS Code\bin;U:\Program Files\nodejs\;C:\ProgramData\chocolatey\bin;C:\WINDOWS\system32;C:\WINDOWS;C:\WINDOWS\System32\Wbem;C:\WINDOWS\System32\WindowsPowerShell\v1.0\;C:\WINDOWS\System32\OpenSSH\;C:\Program Files\Git\cmd;C:\Users\cscib\AppData\Local\Microsoft\WindowsApps;C:\Users\cscib\AppData\Roaming\npm;

Yarn version: 
  1.16.0

Node version: 
  12.3.1

Platform: 
  win32 x64

Trace: 
  SyntaxError: A:\electron-template\package.json: Unexpected token } in JSON at position 171
      at JSON.parse (<anonymous>)
      at C:\Users\cscib\AppData\Roaming\npm\node_modules\yarn\lib\cli.js:1625:59
      at Generator.next (<anonymous>)
      at step (C:\Users\cscib\AppData\Roaming\npm\node_modules\yarn\lib\cli.js:304:30)
      at C:\Users\cscib\AppData\Roaming\npm\node_modules\yarn\lib\cli.js:315:13

npm manifest: 
  {
    "name": "react-parcel",
    "version": "1.0.0",
    "description": "",
    "main": "index.html",
    "scripts": {
      "test": "echo \"Error: no test specified\" && exit 1",
      "start": "parcel index.html"
    },
    "author": "",
    "license": "ISC",
    "dependencies": {
      "react": "^16.2.0",
      "react-dom": "^16.2.0"
    },
    "devDependencies": {
      "babel-core": "^6.26.3",
      "babel-preset-env": "^1.6.1",
      "babel-preset-react": "^6.24.1",
      "parcel-bundler": "^1.0.2"
    }
  }

yarn manifest: 
  No manifest

Lockfile: 
  No lockfile
